2024.11.27 07:17:14/7c5b94a2-d6ca-4883-8579-dee606ceeb94/65b5b22a-41ce-4544-be88-74e8776261c3/BreachDetected/MotionSensor
2024.11.27 10:20:31/efb2f9ce-c186-4982-bc1c-d4c38cf9a2fe/efb2f9ce-c186-4982-bc1c-d4c38cf9a2fe/Floor was created/System
2024.11.27 10:20:31/efb2f9ce-c186-4982-bc1c-d4c38cf9a2fe/8d644a15-e922-476a-977c-4ff7b486b30e/Unable to read data from requirement file/System
2024.11.27 10:20:31/efb2f9ce-c186-4982-bc1c-d4c38cf9a2fe/8d644a15-e922-476a-977c-4ff7b486b30e/Room was created/System
2024.11.27 10:21:22/2e363c86-d8c5-4a37-aa14-a6be36e36aa0/2e363c86-d8c5-4a37-aa14-a6be36e36aa0/Floor was created/System
2024.11.27 10:21:22/2e363c86-d8c5-4a37-aa14-a6be36e36aa0/19af0075-6f12-4615-8dcd-2a284e01e592/Unable to read data from requirement file/System
2024.11.27 10:21:22/2e363c86-d8c5-4a37-aa14-a6be36e36aa0/19af0075-6f12-4615-8dcd-2a284e01e592/Room was created/System
2024.11.27 10:21:58/c07e9576-e7a5-43cb-96af-c79fb0457593/c07e9576-e7a5-43cb-96af-c79fb0457593/Floor was created/System
2024.11.27 10:21:58/c07e9576-e7a5-43cb-96af-c79fb0457593/910d9a9a-def9-46bf-b8b4-26868b5580d2/Unable to read data from requirement file/System
2024.11.27 10:21:58/c07e9576-e7a5-43cb-96af-c79fb0457593/910d9a9a-def9-46bf-b8b4-26868b5580d2/Room was created/System
2024.11.27 10:24:06/76c87224-f33a-4ded-b94f-953cb73d59eb/76c87224-f33a-4ded-b94f-953cb73d59eb/Floor was created/System
2024.11.27 10:24:06/76c87224-f33a-4ded-b94f-953cb73d59eb/86376c09-285c-4d8e-abde-451d24dd4b11/Open sensor was created/System
2024.11.27 10:24:06/76c87224-f33a-4ded-b94f-953cb73d59eb/86376c09-285c-4d8e-abde-451d24dd4b11/Motion sensor was created/System
2024.11.27 10:24:06/76c87224-f33a-4ded-b94f-953cb73d59eb/86376c09-285c-4d8e-abde-451d24dd4b11/Temperature sensor was created/System
2024.11.27 10:24:06/76c87224-f33a-4ded-b94f-953cb73d59eb/86376c09-285c-4d8e-abde-451d24dd4b11/Room was created/System
2024.11.27 10:24:06/76c87224-f33a-4ded-b94f-953cb73d59eb/86376c09-285c-4d8e-abde-451d24dd4b11/Movement detected/MotionSensor
2024.11.27 10:24:32/504e8e4b-2503-4004-b18f-b618449e6416/504e8e4b-2503-4004-b18f-b618449e6416/Floor was created/System
2024.11.27 10:24:33/504e8e4b-2503-4004-b18f-b618449e6416/66536de7-e83b-4334-a5c9-75c42464b295/Open sensor was created/System
2024.11.27 10:24:33/504e8e4b-2503-4004-b18f-b618449e6416/66536de7-e83b-4334-a5c9-75c42464b295/Motion sensor was created/System
2024.11.27 10:24:33/504e8e4b-2503-4004-b18f-b618449e6416/66536de7-e83b-4334-a5c9-75c42464b295/Temperature sensor was created/System
2024.11.27 10:24:33/504e8e4b-2503-4004-b18f-b618449e6416/66536de7-e83b-4334-a5c9-75c42464b295/Room was created/System
2024.11.27 10:24:33/504e8e4b-2503-4004-b18f-b618449e6416/66536de7-e83b-4334-a5c9-75c42464b295/Movement detected/MotionSensor
2024.11.27 10:24:55/0575c255-71e5-4c4d-8fd9-7b4a637d8cb8/0575c255-71e5-4c4d-8fd9-7b4a637d8cb8/Floor was created/System
2024.11.27 10:24:55/0575c255-71e5-4c4d-8fd9-7b4a637d8cb8/b2194176-2b3e-4445-92a3-beb4ad095534/Open sensor was created/System
2024.11.27 10:24:55/0575c255-71e5-4c4d-8fd9-7b4a637d8cb8/b2194176-2b3e-4445-92a3-beb4ad095534/Motion sensor was created/System
2024.11.27 10:24:55/0575c255-71e5-4c4d-8fd9-7b4a637d8cb8/b2194176-2b3e-4445-92a3-beb4ad095534/Temperature sensor was created/System
2024.11.27 10:24:55/0575c255-71e5-4c4d-8fd9-7b4a637d8cb8/b2194176-2b3e-4445-92a3-beb4ad095534/Room was created/System
2024.11.27 10:24:55/0575c255-71e5-4c4d-8fd9-7b4a637d8cb8/b2194176-2b3e-4445-92a3-beb4ad095534/Movement detected/MotionSensor
2024.11.27 10:25:41/52a85396-6736-44ee-b2ac-3f0ef420db94/52a85396-6736-44ee-b2ac-3f0ef420db94/Floor was created/System
2024.11.27 10:25:41/52a85396-6736-44ee-b2ac-3f0ef420db94/810a5ce5-3465-4d1a-8567-3ddaeae44ac1/Open sensor was created/System
2024.11.27 10:25:41/52a85396-6736-44ee-b2ac-3f0ef420db94/810a5ce5-3465-4d1a-8567-3ddaeae44ac1/Motion sensor was created/System
2024.11.27 10:25:41/52a85396-6736-44ee-b2ac-3f0ef420db94/810a5ce5-3465-4d1a-8567-3ddaeae44ac1/Temperature sensor was created/System
2024.11.27 10:25:41/52a85396-6736-44ee-b2ac-3f0ef420db94/810a5ce5-3465-4d1a-8567-3ddaeae44ac1/Room was created/System
2024.11.27 10:25:41/52a85396-6736-44ee-b2ac-3f0ef420db94/810a5ce5-3465-4d1a-8567-3ddaeae44ac1/Movement detected/MotionSensor
2024.11.27 10:26:11/9f30ff34-4a44-4b32-ac06-2630f66c8601/9f30ff34-4a44-4b32-ac06-2630f66c8601/Floor was created/System
2024.11.27 10:26:11/9f30ff34-4a44-4b32-ac06-2630f66c8601/6fe14df3-c965-42ba-b8ee-25fb6fc438e6/Open sensor was created/System
2024.11.27 10:26:11/9f30ff34-4a44-4b32-ac06-2630f66c8601/6fe14df3-c965-42ba-b8ee-25fb6fc438e6/Motion sensor was created/System
2024.11.27 10:26:11/9f30ff34-4a44-4b32-ac06-2630f66c8601/6fe14df3-c965-42ba-b8ee-25fb6fc438e6/Temperature sensor was created/System
2024.11.27 10:26:11/9f30ff34-4a44-4b32-ac06-2630f66c8601/6fe14df3-c965-42ba-b8ee-25fb6fc438e6/Room was created/System
2024.11.27 10:26:11/9f30ff34-4a44-4b32-ac06-2630f66c8601/6fe14df3-c965-42ba-b8ee-25fb6fc438e6/Movement detected/MotionSensor
2024.11.27 10:26:23/7812db33-a2e8-4fdf-9650-34bd286597e1/7812db33-a2e8-4fdf-9650-34bd286597e1/Floor was created/System
2024.11.27 10:26:41/7812db33-a2e8-4fdf-9650-34bd286597e1/14a1d166-8af3-4906-af9b-bc7e54f6066b/Open sensor was created/System
2024.11.27 10:26:41/7812db33-a2e8-4fdf-9650-34bd286597e1/14a1d166-8af3-4906-af9b-bc7e54f6066b/Motion sensor was created/System
2024.11.27 10:26:41/7812db33-a2e8-4fdf-9650-34bd286597e1/14a1d166-8af3-4906-af9b-bc7e54f6066b/Temperature sensor was created/System
2024.11.27 10:26:41/7812db33-a2e8-4fdf-9650-34bd286597e1/14a1d166-8af3-4906-af9b-bc7e54f6066b/Room was created/System
2024.11.27 10:28:55/aaafc1e1-e0a6-4d8a-a184-fb3a44c6114f/aaafc1e1-e0a6-4d8a-a184-fb3a44c6114f/Floor was created/System
2024.11.27 10:29:18/f3123642-6103-4785-b791-eedcffd0e2bd/f3123642-6103-4785-b791-eedcffd0e2bd/Floor was created/System
2024.11.27 10:29:25/f3123642-6103-4785-b791-eedcffd0e2bd/22c8d941-a658-450c-b9ab-5c5962f54f44/Room was created/System
2024.11.27 10:30:22/b659dcef-8cf8-4694-8c0d-ae3e23287a44/b659dcef-8cf8-4694-8c0d-ae3e23287a44/Floor was created/System
2024.11.27 10:30:27/b659dcef-8cf8-4694-8c0d-ae3e23287a44/cb122c2a-da9d-42f9-bb74-93a176b5ee61/Room was created/System
2024.11.27 10:31:07/85be670a-97d4-4411-b87b-4babd2a6fd3c/85be670a-97d4-4411-b87b-4babd2a6fd3c/Floor was created/System
2024.11.27 10:31:17/85be670a-97d4-4411-b87b-4babd2a6fd3c/dea96048-c379-4ad4-a1dc-255ef0f9a912/Open sensor was created/System
2024.11.27 10:31:17/85be670a-97d4-4411-b87b-4babd2a6fd3c/dea96048-c379-4ad4-a1dc-255ef0f9a912/Room was created/System
2024.11.27 10:33:00/8e9d3718-8292-4149-a446-dc834b681f01/8e9d3718-8292-4149-a446-dc834b681f01/Floor was created/System
2024.11.27 10:33:25/8e9d3718-8292-4149-a446-dc834b681f01/688c253a-6cdb-43b2-9d8d-7bb1a2346c5b/Open sensor was created/System
2024.11.27 10:33:25/8e9d3718-8292-4149-a446-dc834b681f01/688c253a-6cdb-43b2-9d8d-7bb1a2346c5b/Open sensor was created/System
2024.11.27 10:33:25/8e9d3718-8292-4149-a446-dc834b681f01/688c253a-6cdb-43b2-9d8d-7bb1a2346c5b/Open sensor was created/System
2024.11.27 10:33:25/8e9d3718-8292-4149-a446-dc834b681f01/688c253a-6cdb-43b2-9d8d-7bb1a2346c5b/Motion sensor was created/System
2024.11.27 10:33:25/8e9d3718-8292-4149-a446-dc834b681f01/688c253a-6cdb-43b2-9d8d-7bb1a2346c5b/Temperature sensor was created/System
2024.11.27 10:33:25/8e9d3718-8292-4149-a446-dc834b681f01/688c253a-6cdb-43b2-9d8d-7bb1a2346c5b/Room was created/System
2024.11.27 10:35:27/e7ef7a38-e0e2-4703-ace0-f4f62739a9be/e7ef7a38-e0e2-4703-ace0-f4f62739a9be/Floor was created/System
2024.11.27 10:35:38/e7ef7a38-e0e2-4703-ace0-f4f62739a9be/c8e0ae73-bc6e-4c59-b4a7-f4fd7421d9ae/Temperature sensor was created/System
2024.11.27 10:35:38/e7ef7a38-e0e2-4703-ace0-f4f62739a9be/c8e0ae73-bc6e-4c59-b4a7-f4fd7421d9ae/Open sensor was created/System
2024.11.27 10:35:38/e7ef7a38-e0e2-4703-ace0-f4f62739a9be/c8e0ae73-bc6e-4c59-b4a7-f4fd7421d9ae/Open sensor was created/System
2024.11.27 10:35:38/e7ef7a38-e0e2-4703-ace0-f4f62739a9be/c8e0ae73-bc6e-4c59-b4a7-f4fd7421d9ae/Motion sensor was created/System
2024.11.27 10:35:38/e7ef7a38-e0e2-4703-ace0-f4f62739a9be/c8e0ae73-bc6e-4c59-b4a7-f4fd7421d9ae/Room was created/System
2024.11.27 10:35:59/e7ef7a38-e0e2-4703-ace0-f4f62739a9be/cd2e343d-6765-4e22-9fb3-c7b973eafbdc/Temperature sensor was created/System
2024.11.27 10:35:59/e7ef7a38-e0e2-4703-ace0-f4f62739a9be/cd2e343d-6765-4e22-9fb3-c7b973eafbdc/Open sensor was created/System
2024.11.27 10:35:59/e7ef7a38-e0e2-4703-ace0-f4f62739a9be/cd2e343d-6765-4e22-9fb3-c7b973eafbdc/Open sensor was created/System
2024.11.27 10:35:59/e7ef7a38-e0e2-4703-ace0-f4f62739a9be/cd2e343d-6765-4e22-9fb3-c7b973eafbdc/Open sensor was created/System
2024.11.27 10:35:59/e7ef7a38-e0e2-4703-ace0-f4f62739a9be/cd2e343d-6765-4e22-9fb3-c7b973eafbdc/Open sensor was created/System
2024.11.27 10:35:59/e7ef7a38-e0e2-4703-ace0-f4f62739a9be/cd2e343d-6765-4e22-9fb3-c7b973eafbdc/Motion sensor was created/System
2024.11.27 10:35:59/e7ef7a38-e0e2-4703-ace0-f4f62739a9be/cd2e343d-6765-4e22-9fb3-c7b973eafbdc/Room was created/System
